  C:\Program Files\MySQL\mysql-connector-c++-8.0.11-windows-x86-64bit\lib64\libeay32.dll
  C:\Program Files\MySQL\mysql-connector-c++-8.0.11-windows-x86-64bit\lib64\mysqlcppconn-7-vs14.dll
  C:\Program Files\MySQL\mysql-connector-c++-8.0.11-windows-x86-64bit\lib64\mysqlcppconn8-1-vs14.dll
  C:\Program Files\MySQL\mysql-connector-c++-8.0.11-windows-x86-64bit\lib64\ssleay32.dll
  4 File(s) copied
  add_task.cpp
  compact_id.cpp
  delete_task.cpp
  get_task_from_user.cpp
  mark_task_done.cpp
  show_tasks.cpp
  Źródło.cpp
  C:\Program Files\MySQL\mysql-connector-c++-8.0.11-windows-x86-64bit\lib64\libeay32.dll
  C:\Program Files\MySQL\mysql-connector-c++-8.0.11-windows-x86-64bit\lib64\mysqlcppconn-7-vs14.dll
  C:\Program Files\MySQL\mysql-connector-c++-8.0.11-windows-x86-64bit\lib64\mysqlcppconn8-1-vs14.dll
  C:\Program Files\MySQL\mysql-connector-c++-8.0.11-windows-x86-64bit\lib64\ssleay32.dll
  4 File(s) copied
  Trwa generowanie kodu
  86 of 182 functions (47.3%) were compiled, the rest were copied from previous compilation.
    1 functions were new in current compilation
    2 functions had inline decision re-evaluated but remain unchanged
  Zakończono generowanie kodu
  Project3.vcxproj -> C:\Users\HP\source\repos\to-do-c-\x64\Release\Project3.exe
  C:\Program Files\MySQL\mysql-connector-c++-8.0.11-windows-x86-64bit\lib64\libeay32.dll
  C:\Program Files\MySQL\mysql-connector-c++-8.0.11-windows-x86-64bit\lib64\mysqlcppconn-7-vs14.dll
  C:\Program Files\MySQL\mysql-connector-c++-8.0.11-windows-x86-64bit\lib64\mysqlcppconn8-1-vs14.dll
  C:\Program Files\MySQL\mysql-connector-c++-8.0.11-windows-x86-64bit\lib64\ssleay32.dll
  4 File(s) copied
